[0m[[0m[0mdebug[0m] [0m[0m> Exec(__runWatch console0, Some(ae2d0dfc-6558-4d42-b8cd-e5f3d69f5b64), Some(CommandSource(console0)))[0m
[0m[[0m[0mdebug[0m] [0m[0m> Exec(sbtStashOnFailure, None, Some(CommandSource(console0)))[0m
[0m[[0m[0mdebug[0m] [0m[0m> Exec(__preWatch console0, None, Some(CommandSource(console0)))[0m
[0m[[0m[0mdebug[0m] [0m[0m> Exec(run, None, Some(CommandSource(console0)))[0m
[0m[[0m[0mdebug[0m] [0m[0mEvaluating tasks: Compile / run[0m
[0m[[0m[0mdebug[0m] [0m[0mRunning task... Cancel: bloop.integrations.sbt.Offloader$$anon$1@7d6c4079, check cycles: false, forcegc: true[0m
[0m[[0m[0minfo[0m] [0m[0mcompiling 1 Scala source to /Users/zenw/JDBCEx/target/scala-2.11/classes ...[0m
[0m[[0m[31merror[0m] [0m[0m/Users/zenw/JDBCEx/src/main/scala/JDBCEx.scala:69:108: unclosed string literal[0m
[0m[[0m[31merror[0m] [0m[0m     val deleted = statement.executeUpdate("DELETE FROM MoviesInDatabase WHERE MovieName = '"+moviedeleted+"')[0m
[0m[[0m[31merror[0m] [0m[0m                                                                                                           ^[0m
[0m[[0m[31merror[0m] [0m[0m/Users/zenw/JDBCEx/src/main/scala/JDBCEx.scala:76:47: ';' expected but '=' found.[0m
[0m[[0m[31merror[0m] [0m[0m     def update(connection:Connection) : Unit = {[0m
[0m[[0m[31merror[0m] [0m[0m                                              ^[0m
[0m[[0m[31merror[0m] [0m[0mtwo errors found[0m
[0m[[0m[31merror[0m] [0m[0m(Compile / [31mcompileIncremental[0m) Compilation failed[0m
[0m[[0m[31merror[0m] [0m[0mTotal time: 2 s, completed Jan 10, 2022 3:55:56 PM[0m
[0m[[0m[0mdebug[0m] [0m[0m> Exec(resumeFromFailure, None, Some(CommandSource(console0)))[0m
[0m[[0m[0mdebug[0m] [0m[0m> Exec(sbtPopOnFailure, None, Some(CommandSource(console0)))[0m
[0m[[0m[0mdebug[0m] [0m[0m> Exec(__postWatch console0, None, Some(CommandSource(console0)))[0m
[0m[[0m[0mdebug[0m] [0m[0m> Exec(resumeFromFailure, None, None)[0m
[0m[[0m[0mdebug[0m] [0m[0m> Exec(__waitWatch console0, None, None)[0m
[0m[[0m[0minfo[0m] [0m[0mshutting down sbt server[0m
